[0.629s] DEBUG:colcon:Command line arguments: ['/home/hiu/.local/bin/colcon', 'build', '--symlink-install']
[0.629s] DEBUG:colcon:Parsed command line arguments: Namespace(allow_overriding=[], ament_cmake_args=None, base_paths=['.'], build_base='build', catkin_cmake_args=None, catkin_skip_building_tests=False, cmake_args=None, cmake_clean_cache=False, cmake_clean_first=False, cmake_force_configure=False, cmake_target=None, cmake_target_skip_unavailable=False, continue_on_error=False, event_handlers=None, executor='parallel', ignore_user_meta=False, install_base='install', log_base=None, log_level=None, main=<bound method BuildVerb.main of <colcon_core.verb.build.BuildVerb object at 0x7f8f39ba6a00>>, merge_install=False, metas=['./colcon.meta'], packages_above=None, packages_above_and_dependencies=None, packages_above_depth=None, packages_end=None, packages_ignore=None, packages_ignore_regex=None, packages_select=None, packages_select_build_failed=False, packages_select_by_dep=None, packages_select_regex=None, packages_select_test_failures=False, packages_skip=None, packages_skip_build_finished=False, packages_skip_by_dep=None, packages_skip_regex=None, packages_skip_test_passed=False, packages_skip_up_to=None, packages_start=None, packages_up_to=None, packages_up_to_regex=None, parallel_workers=2, paths=None, symlink_install=True, test_result_base=None, verb_extension=<colcon_core.verb.build.BuildVerb object at 0x7f8f39ba6a00>, verb_name='build', verb_parser=<colcon_defaults.argument_parser.defaults.DefaultArgumentsDecorator object at 0x7f8f38e73e20>)
[0.838s] Level 1:colcon.colcon_core.package_discovery:discover_packages(colcon_meta) check parameters
[0.838s] Level 1:colcon.colcon_core.package_discovery:discover_packages(recursive) check parameters
[0.838s] Level 1:colcon.colcon_core.package_discovery:discover_packages(ignore) check parameters
[0.838s] Level 1:colcon.colcon_core.package_discovery:discover_packages(path) check parameters
[0.839s] Level 1:colcon.colcon_core.package_discovery:discover_packages(colcon_meta) discover
[0.839s] Level 1:colcon.colcon_core.package_discovery:discover_packages(recursive) discover
[0.839s] INFO:colcon.colcon_core.package_discovery:Crawling recursively for packages in '/home/hiu/dev_ws/src'
[0.839s] Level 1:colcon.colcon_core.package_identification:_identify(.) by extensions ['ignore', 'ignore_ament_install']
[0.839s] Level 1:colcon.colcon_core.package_identification:_identify(.) by extension 'ignore'
[0.839s] Level 1:colcon.colcon_core.package_identification:_identify(.) by extension 'ignore_ament_install'
[0.839s] Level 1:colcon.colcon_core.package_identification:_identify(.) by extensions ['colcon_pkg']
[0.839s] Level 1:colcon.colcon_core.package_identification:_identify(.) by extension 'colcon_pkg'
[0.839s] Level 1:colcon.colcon_core.package_identification:_identify(.) by extensions ['colcon_meta']
[0.839s] Level 1:colcon.colcon_core.package_identification:_identify(.) by extension 'colcon_meta'
[0.839s] Level 1:colcon.colcon_core.package_identification:_identify(.) by extensions ['ros']
[0.839s] Level 1:colcon.colcon_core.package_identification:_identify(.) by extension 'ros'
[0.875s] Level 1:colcon.colcon_core.package_identification:_identify(.) by extensions ['cmake', 'python']
[0.875s] Level 1:colcon.colcon_core.package_identification:_identify(.) by extension 'cmake'
[0.875s] Level 1:colcon.colcon_core.package_identification:_identify(.) by extension 'python'
[0.875s] Level 1:colcon.colcon_core.package_identification:_identify(.) by extensions ['python_setup_py']
[0.875s] Level 1:colcon.colcon_core.package_identification:_identify(.) by extension 'python_setup_py'
[0.875s] Level 1:colcon.colcon_core.package_identification:_identify(articubot_one) by extensions ['ignore', 'ignore_ament_install']
[0.875s] Level 1:colcon.colcon_core.package_identification:_identify(articubot_one) by extension 'ignore'
[0.876s] Level 1:colcon.colcon_core.package_identification:_identify(articubot_one) by extension 'ignore_ament_install'
[0.876s] Level 1:colcon.colcon_core.package_identification:_identify(articubot_one) by extensions ['colcon_pkg']
[0.876s] Level 1:colcon.colcon_core.package_identification:_identify(articubot_one) by extension 'colcon_pkg'
[0.876s] Level 1:colcon.colcon_core.package_identification:_identify(articubot_one) by extensions ['colcon_meta']
[0.876s] Level 1:colcon.colcon_core.package_identification:_identify(articubot_one) by extension 'colcon_meta'
[0.876s] Level 1:colcon.colcon_core.package_identification:_identify(articubot_one) by extensions ['ros']
[0.876s] Level 1:colcon.colcon_core.package_identification:_identify(articubot_one) by extension 'ros'
[0.881s] DEBUG:colcon.colcon_core.package_identification:Package 'articubot_one' with type 'ros.ament_cmake' and name 'articubot_one'
[0.881s] Level 1:colcon.colcon_core.package_identification:_identify(build) by extensions ['ignore', 'ignore_ament_install']
[0.881s] Level 1:colcon.colcon_core.package_identification:_identify(build) by extension 'ignore'
[0.881s] Level 1:colcon.colcon_core.package_identification:_identify(build) ignored
[0.881s] Level 1:colcon.colcon_core.package_identification:_identify(install) by extensions ['ignore', 'ignore_ament_install']
[0.881s] Level 1:colcon.colcon_core.package_identification:_identify(install) by extension 'ignore'
[0.881s] Level 1:colcon.colcon_core.package_identification:_identify(install) ignored
[0.882s] Level 1:colcon.colcon_core.package_identification:_identify(log) by extensions ['ignore', 'ignore_ament_install']
[0.882s] Level 1:colcon.colcon_core.package_identification:_identify(log) by extension 'ignore'
[0.882s] Level 1:colcon.colcon_core.package_identification:_identify(log) ignored
[0.882s] Level 1:colcon.colcon_core.package_identification:_identify(urdf_example) by extensions ['ignore', 'ignore_ament_install']
[0.882s] Level 1:colcon.colcon_core.package_identification:_identify(urdf_example) by extension 'ignore'
[0.882s] Level 1:colcon.colcon_core.package_identification:_identify(urdf_example) by extension 'ignore_ament_install'
[0.882s] Level 1:colcon.colcon_core.package_identification:_identify(urdf_example) by extensions ['colcon_pkg']
[0.882s] Level 1:colcon.colcon_core.package_identification:_identify(urdf_example) by extension 'colcon_pkg'
[0.882s] Level 1:colcon.colcon_core.package_identification:_identify(urdf_example) by extensions ['colcon_meta']
[0.882s] Level 1:colcon.colcon_core.package_identification:_identify(urdf_example) by extension 'colcon_meta'
[0.882s] Level 1:colcon.colcon_core.package_identification:_identify(urdf_example) by extensions ['ros']
[0.882s] Level 1:colcon.colcon_core.package_identification:_identify(urdf_example) by extension 'ros'
[0.883s] DEBUG:colcon.colcon_core.package_identification:Package 'urdf_example' with type 'ros.ament_cmake' and name 'urdf_example'
[0.883s] Level 1:colcon.colcon_core.package_discovery:discover_packages(recursive) using defaults
[0.883s] Level 1:colcon.colcon_core.package_discovery:discover_packages(ignore) discover
[0.883s] Level 1:colcon.colcon_core.package_discovery:discover_packages(ignore) using defaults
[0.883s] Level 1:colcon.colcon_core.package_discovery:discover_packages(path) discover
[0.883s] Level 1:colcon.colcon_core.package_discovery:discover_packages(path) using defaults
[0.921s] Level 1:colcon.colcon_core.package_discovery:discover_packages(prefix_path) check parameters
[0.921s] Level 1:colcon.colcon_core.package_discovery:discover_packages(prefix_path) discover
[0.928s] DEBUG:colcon.colcon_installed_package_information.package_discovery:Found 267 installed packages in /opt/ros/foxy
[0.929s] Level 1:colcon.colcon_core.package_discovery:discover_packages(prefix_path) using defaults
[1.109s] Level 5:colcon.colcon_core.verb:set package 'articubot_one' build argument 'cmake_args' from command line to 'None'
[1.109s] Level 5:colcon.colcon_core.verb:set package 'articubot_one' build argument 'cmake_target' from command line to 'None'
[1.109s] Level 5:colcon.colcon_core.verb:set package 'articubot_one' build argument 'cmake_target_skip_unavailable' from command line to 'False'
[1.109s] Level 5:colcon.colcon_core.verb:set package 'articubot_one' build argument 'cmake_clean_cache' from command line to 'False'
[1.109s] Level 5:colcon.colcon_core.verb:set package 'articubot_one' build argument 'cmake_clean_first' from command line to 'False'
[1.109s] Level 5:colcon.colcon_core.verb:set package 'articubot_one' build argument 'cmake_force_configure' from command line to 'False'
[1.109s] Level 5:colcon.colcon_core.verb:set package 'articubot_one' build argument 'ament_cmake_args' from command line to 'None'
[1.109s] Level 5:colcon.colcon_core.verb:set package 'articubot_one' build argument 'catkin_cmake_args' from command line to 'None'
[1.109s] Level 5:colcon.colcon_core.verb:set package 'articubot_one' build argument 'catkin_skip_building_tests' from command line to 'False'
[1.109s] DEBUG:colcon.colcon_core.verb:Building package 'articubot_one' with the following arguments: {'ament_cmake_args': None, 'build_base': '/home/hiu/dev_ws/src/build/articubot_one', 'catkin_cmake_args': None, 'catkin_skip_building_tests': False, 'cmake_args': None, 'cmake_clean_cache': False, 'cmake_clean_first': False, 'cmake_force_configure': False, 'cmake_target': None, 'cmake_target_skip_unavailable': False, 'install_base': '/home/hiu/dev_ws/src/install/articubot_one', 'merge_install': False, 'path': '/home/hiu/dev_ws/src/articubot_one', 'symlink_install': True, 'test_result_base': None}
[1.109s] Level 5:colcon.colcon_core.verb:set package 'urdf_example' build argument 'cmake_args' from command line to 'None'
[1.109s] Level 5:colcon.colcon_core.verb:set package 'urdf_example' build argument 'cmake_target' from command line to 'None'
[1.109s] Level 5:colcon.colcon_core.verb:set package 'urdf_example' build argument 'cmake_target_skip_unavailable' from command line to 'False'
[1.109s] Level 5:colcon.colcon_core.verb:set package 'urdf_example' build argument 'cmake_clean_cache' from command line to 'False'
[1.109s] Level 5:colcon.colcon_core.verb:set package 'urdf_example' build argument 'cmake_clean_first' from command line to 'False'
[1.109s] Level 5:colcon.colcon_core.verb:set package 'urdf_example' build argument 'cmake_force_configure' from command line to 'False'
[1.109s] Level 5:colcon.colcon_core.verb:set package 'urdf_example' build argument 'ament_cmake_args' from command line to 'None'
[1.109s] Level 5:colcon.colcon_core.verb:set package 'urdf_example' build argument 'catkin_cmake_args' from command line to 'None'
[1.109s] Level 5:colcon.colcon_core.verb:set package 'urdf_example' build argument 'catkin_skip_building_tests' from command line to 'False'
[1.110s] DEBUG:colcon.colcon_core.verb:Building package 'urdf_example' with the following arguments: {'ament_cmake_args': None, 'build_base': '/home/hiu/dev_ws/src/build/urdf_example', 'catkin_cmake_args': None, 'catkin_skip_building_tests': False, 'cmake_args': None, 'cmake_clean_cache': False, 'cmake_clean_first': False, 'cmake_force_configure': False, 'cmake_target': None, 'cmake_target_skip_unavailable': False, 'install_base': '/home/hiu/dev_ws/src/install/urdf_example', 'merge_install': False, 'path': '/home/hiu/dev_ws/src/urdf_example', 'symlink_install': True, 'test_result_base': None}
[1.110s] INFO:colcon.colcon_core.executor:Executing jobs using 'parallel' executor
[1.112s] DEBUG:colcon.colcon_parallel_executor.executor.parallel:run_until_complete
[1.113s] INFO:colcon.colcon_ros.task.ament_cmake.build:Building ROS package in '/home/hiu/dev_ws/src/articubot_one' with build type 'ament_cmake'
[1.113s] INFO:colcon.colcon_cmake.task.cmake.build:Building CMake package in '/home/hiu/dev_ws/src/articubot_one'
[1.123s] INFO:colcon.colcon_core.plugin_system:Skipping extension 'colcon_core.shell.bat': Not used on non-Windows systems
[1.123s] INFO:colcon.colcon_core.shell:Skip shell extension 'powershell' for command environment: Not usable outside of PowerShell
[1.123s] DEBUG:colcon.colcon_core.shell:Skip shell extension 'dsv' for command environment
[1.131s] INFO:colcon.colcon_ros.task.ament_cmake.build:Building ROS package in '/home/hiu/dev_ws/src/urdf_example' with build type 'ament_cmake'
[1.131s] INFO:colcon.colcon_cmake.task.cmake.build:Building CMake package in '/home/hiu/dev_ws/src/urdf_example'
[1.132s] INFO:colcon.colcon_core.shell:Skip shell extension 'powershell' for command environment: Not usable outside of PowerShell
[1.132s] DEBUG:colcon.colcon_core.shell:Skip shell extension 'dsv' for command environment
[1.147s] DEBUG:colcon.colcon_core.event_handler.log_command:Invoking command in '/home/hiu/dev_ws/src/build/articubot_one': CMAKE_PREFIX_PATH=/opt/ros/foxy /usr/bin/cmake /home/hiu/dev_ws/src/articubot_one -DAMENT_CMAKE_SYMLINK_INSTALL=1 -DCMAKE_INSTALL_PREFIX=/home/hiu/dev_ws/src/install/articubot_one
[1.166s] DEBUG:colcon.colcon_core.event_handler.log_command:Invoking command in '/home/hiu/dev_ws/src/build/urdf_example': CMAKE_PREFIX_PATH=/opt/ros/foxy /usr/bin/cmake /home/hiu/dev_ws/src/urdf_example -DAMENT_CMAKE_SYMLINK_INSTALL=1 -DCMAKE_INSTALL_PREFIX=/home/hiu/dev_ws/src/install/urdf_example
[2.469s] DEBUG:colcon.colcon_core.event_handler.log_command:Invoked command in '/home/hiu/dev_ws/src/build/articubot_one' returned '0': CMAKE_PREFIX_PATH=/opt/ros/foxy /usr/bin/cmake /home/hiu/dev_ws/src/articubot_one -DAMENT_CMAKE_SYMLINK_INSTALL=1 -DCMAKE_INSTALL_PREFIX=/home/hiu/dev_ws/src/install/articubot_one
[2.469s] DEBUG:colcon.colcon_core.event_handler.log_command:Invoking command in '/home/hiu/dev_ws/src/build/articubot_one': CMAKE_PREFIX_PATH=/opt/ros/foxy /usr/bin/cmake --build /home/hiu/dev_ws/src/build/articubot_one -- -j2 -l2
[2.482s] DEBUG:colcon.colcon_core.event_handler.log_command:Invoked command in '/home/hiu/dev_ws/src/build/urdf_example' returned '0': CMAKE_PREFIX_PATH=/opt/ros/foxy /usr/bin/cmake /home/hiu/dev_ws/src/urdf_example -DAMENT_CMAKE_SYMLINK_INSTALL=1 -DCMAKE_INSTALL_PREFIX=/home/hiu/dev_ws/src/install/urdf_example
[2.483s] DEBUG:colcon.colcon_core.event_handler.log_command:Invoking command in '/home/hiu/dev_ws/src/build/urdf_example': CMAKE_PREFIX_PATH=/opt/ros/foxy /usr/bin/cmake --build /home/hiu/dev_ws/src/build/urdf_example -- -j2 -l2
[2.529s] DEBUG:colcon.colcon_core.event_handler.log_command:Invoked command in '/home/hiu/dev_ws/src/build/articubot_one' returned '0': CMAKE_PREFIX_PATH=/opt/ros/foxy /usr/bin/cmake --build /home/hiu/dev_ws/src/build/articubot_one -- -j2 -l2
[2.547s] DEBUG:colcon.colcon_core.event_handler.log_command:Invoking command in '/home/hiu/dev_ws/src/build/articubot_one': CMAKE_PREFIX_PATH=/opt/ros/foxy /usr/bin/cmake --install /home/hiu/dev_ws/src/build/articubot_one
[2.549s] DEBUG:colcon.colcon_core.event_handler.log_command:Invoked command in '/home/hiu/dev_ws/src/build/urdf_example' returned '0': CMAKE_PREFIX_PATH=/opt/ros/foxy /usr/bin/cmake --build /home/hiu/dev_ws/src/build/urdf_example -- -j2 -l2
[2.553s] DEBUG:colcon.colcon_core.event_handler.log_command:Invoking command in '/home/hiu/dev_ws/src/build/urdf_example': CMAKE_PREFIX_PATH=/opt/ros/foxy /usr/bin/cmake --install /home/hiu/dev_ws/src/build/urdf_example
[2.796s] Level 1:colcon.colcon_core.environment:create_environment_scripts_only(urdf_example)
[2.797s] DEBUG:colcon.colcon_core.event_handler.log_command:Invoked command in '/home/hiu/dev_ws/src/build/urdf_example' returned '0': CMAKE_PREFIX_PATH=/opt/ros/foxy /usr/bin/cmake --install /home/hiu/dev_ws/src/build/urdf_example
[2.810s] Level 1:colcon.colcon_core.environment:checking '/home/hiu/dev_ws/src/install/urdf_example' for CMake module files
[2.811s] Level 1:colcon.colcon_core.environment:checking '/home/hiu/dev_ws/src/install/urdf_example' for CMake config files
[2.811s] Level 1:colcon.colcon_core.shell:create_environment_hook('urdf_example', 'cmake_prefix_path')
[2.811s] INFO:colcon.colcon_core.shell:Creating environment hook '/home/hiu/dev_ws/src/install/urdf_example/share/urdf_example/hook/cmake_prefix_path.ps1'
[2.813s] INFO:colcon.colcon_core.shell:Creating environment descriptor '/home/hiu/dev_ws/src/install/urdf_example/share/urdf_example/hook/cmake_prefix_path.dsv'
[2.815s] INFO:colcon.colcon_core.shell:Creating environment hook '/home/hiu/dev_ws/src/install/urdf_example/share/urdf_example/hook/cmake_prefix_path.sh'
[2.816s] Level 1:colcon.colcon_core.environment:checking '/home/hiu/dev_ws/src/install/urdf_example/bin'
[2.816s] Level 1:colcon.colcon_core.environment:checking '/home/hiu/dev_ws/src/install/urdf_example/lib/pkgconfig/urdf_example.pc'
[2.816s] Level 1:colcon.colcon_core.environment:checking '/home/hiu/dev_ws/src/install/urdf_example/lib/python3.8/site-packages'
[2.817s] Level 1:colcon.colcon_core.environment:checking '/home/hiu/dev_ws/src/install/urdf_example/bin'
[2.817s] INFO:colcon.colcon_core.shell:Creating package script '/home/hiu/dev_ws/src/install/urdf_example/share/urdf_example/package.ps1'
[2.818s] INFO:colcon.colcon_core.shell:Creating package descriptor '/home/hiu/dev_ws/src/install/urdf_example/share/urdf_example/package.dsv'
[2.821s] INFO:colcon.colcon_core.shell:Creating package script '/home/hiu/dev_ws/src/install/urdf_example/share/urdf_example/package.sh'
[2.823s] INFO:colcon.colcon_core.shell:Creating package script '/home/hiu/dev_ws/src/install/urdf_example/share/urdf_example/package.bash'
[2.825s] INFO:colcon.colcon_core.shell:Creating package script '/home/hiu/dev_ws/src/install/urdf_example/share/urdf_example/package.zsh'
[2.827s] Level 1:colcon.colcon_core.environment:create_file_with_runtime_dependencies(/home/hiu/dev_ws/src/install/urdf_example/share/colcon-core/packages/urdf_example)
[2.828s] Level 1:colcon.colcon_core.environment:create_environment_scripts_only(urdf_example)
[2.828s] Level 1:colcon.colcon_core.environment:checking '/home/hiu/dev_ws/src/install/urdf_example' for CMake module files
[2.829s] Level 1:colcon.colcon_core.environment:checking '/home/hiu/dev_ws/src/install/urdf_example' for CMake config files
[2.829s] Level 1:colcon.colcon_core.shell:create_environment_hook('urdf_example', 'cmake_prefix_path')
[2.829s] INFO:colcon.colcon_core.shell:Creating environment hook '/home/hiu/dev_ws/src/install/urdf_example/share/urdf_example/hook/cmake_prefix_path.ps1'
[2.830s] INFO:colcon.colcon_core.shell:Creating environment descriptor '/home/hiu/dev_ws/src/install/urdf_example/share/urdf_example/hook/cmake_prefix_path.dsv'
[2.831s] INFO:colcon.colcon_core.shell:Creating environment hook '/home/hiu/dev_ws/src/install/urdf_example/share/urdf_example/hook/cmake_prefix_path.sh'
[2.832s] Level 1:colcon.colcon_core.environment:checking '/home/hiu/dev_ws/src/install/urdf_example/bin'
[2.833s] Level 1:colcon.colcon_core.environment:checking '/home/hiu/dev_ws/src/install/urdf_example/lib/pkgconfig/urdf_example.pc'
[2.833s] Level 1:colcon.colcon_core.environment:checking '/home/hiu/dev_ws/src/install/urdf_example/lib/python3.8/site-packages'
[2.833s] Level 1:colcon.colcon_core.environment:checking '/home/hiu/dev_ws/src/install/urdf_example/bin'
[2.833s] INFO:colcon.colcon_core.shell:Creating package script '/home/hiu/dev_ws/src/install/urdf_example/share/urdf_example/package.ps1'
[2.834s] INFO:colcon.colcon_core.shell:Creating package descriptor '/home/hiu/dev_ws/src/install/urdf_example/share/urdf_example/package.dsv'
[2.836s] INFO:colcon.colcon_core.shell:Creating package script '/home/hiu/dev_ws/src/install/urdf_example/share/urdf_example/package.sh'
[2.837s] INFO:colcon.colcon_core.shell:Creating package script '/home/hiu/dev_ws/src/install/urdf_example/share/urdf_example/package.bash'
[2.838s] INFO:colcon.colcon_core.shell:Creating package script '/home/hiu/dev_ws/src/install/urdf_example/share/urdf_example/package.zsh'
[2.839s] Level 1:colcon.colcon_core.environment:create_file_with_runtime_dependencies(/home/hiu/dev_ws/src/install/urdf_example/share/colcon-core/packages/urdf_example)
[3.118s] Level 1:colcon.colcon_core.environment:create_environment_scripts_only(articubot_one)
[3.118s] Level 1:colcon.colcon_core.environment:checking '/home/hiu/dev_ws/src/install/articubot_one' for CMake module files
[3.119s] DEBUG:colcon.colcon_core.event_handler.log_command:Invoked command in '/home/hiu/dev_ws/src/build/articubot_one' returned '0': CMAKE_PREFIX_PATH=/opt/ros/foxy /usr/bin/cmake --install /home/hiu/dev_ws/src/build/articubot_one
[3.119s] Level 1:colcon.colcon_core.environment:checking '/home/hiu/dev_ws/src/install/articubot_one' for CMake config files
[3.119s] Level 1:colcon.colcon_core.shell:create_environment_hook('articubot_one', 'cmake_prefix_path')
[3.120s] INFO:colcon.colcon_core.shell:Creating environment hook '/home/hiu/dev_ws/src/install/articubot_one/share/articubot_one/hook/cmake_prefix_path.ps1'
[3.120s] INFO:colcon.colcon_core.shell:Creating environment descriptor '/home/hiu/dev_ws/src/install/articubot_one/share/articubot_one/hook/cmake_prefix_path.dsv'
[3.121s] INFO:colcon.colcon_core.shell:Creating environment hook '/home/hiu/dev_ws/src/install/articubot_one/share/articubot_one/hook/cmake_prefix_path.sh'
[3.122s] Level 1:colcon.colcon_core.environment:checking '/home/hiu/dev_ws/src/install/articubot_one/bin'
[3.122s] Level 1:colcon.colcon_core.environment:checking '/home/hiu/dev_ws/src/install/articubot_one/lib/pkgconfig/articubot_one.pc'
[3.122s] Level 1:colcon.colcon_core.environment:checking '/home/hiu/dev_ws/src/install/articubot_one/lib/python3.8/site-packages'
[3.122s] Level 1:colcon.colcon_core.environment:checking '/home/hiu/dev_ws/src/install/articubot_one/bin'
[3.122s] INFO:colcon.colcon_core.shell:Creating package script '/home/hiu/dev_ws/src/install/articubot_one/share/articubot_one/package.ps1'
[3.123s] INFO:colcon.colcon_core.shell:Creating package descriptor '/home/hiu/dev_ws/src/install/articubot_one/share/articubot_one/package.dsv'
[3.124s] INFO:colcon.colcon_core.shell:Creating package script '/home/hiu/dev_ws/src/install/articubot_one/share/articubot_one/package.sh'
[3.124s] INFO:colcon.colcon_core.shell:Creating package script '/home/hiu/dev_ws/src/install/articubot_one/share/articubot_one/package.bash'
[3.125s] INFO:colcon.colcon_core.shell:Creating package script '/home/hiu/dev_ws/src/install/articubot_one/share/articubot_one/package.zsh'
[3.125s] Level 1:colcon.colcon_core.environment:create_file_with_runtime_dependencies(/home/hiu/dev_ws/src/install/articubot_one/share/colcon-core/packages/articubot_one)
[3.126s] Level 1:colcon.colcon_core.environment:create_environment_scripts_only(articubot_one)
[3.126s] Level 1:colcon.colcon_core.environment:checking '/home/hiu/dev_ws/src/install/articubot_one' for CMake module files
[3.126s] Level 1:colcon.colcon_core.environment:checking '/home/hiu/dev_ws/src/install/articubot_one' for CMake config files
[3.127s] Level 1:colcon.colcon_core.shell:create_environment_hook('articubot_one', 'cmake_prefix_path')
[3.127s] INFO:colcon.colcon_core.shell:Creating environment hook '/home/hiu/dev_ws/src/install/articubot_one/share/articubot_one/hook/cmake_prefix_path.ps1'
[3.128s] INFO:colcon.colcon_core.shell:Creating environment descriptor '/home/hiu/dev_ws/src/install/articubot_one/share/articubot_one/hook/cmake_prefix_path.dsv'
[3.130s] INFO:colcon.colcon_core.shell:Creating environment hook '/home/hiu/dev_ws/src/install/articubot_one/share/articubot_one/hook/cmake_prefix_path.sh'
[3.131s] Level 1:colcon.colcon_core.environment:checking '/home/hiu/dev_ws/src/install/articubot_one/bin'
[3.131s] Level 1:colcon.colcon_core.environment:checking '/home/hiu/dev_ws/src/install/articubot_one/lib/pkgconfig/articubot_one.pc'
[3.131s] Level 1:colcon.colcon_core.environment:checking '/home/hiu/dev_ws/src/install/articubot_one/lib/python3.8/site-packages'
[3.131s] Level 1:colcon.colcon_core.environment:checking '/home/hiu/dev_ws/src/install/articubot_one/bin'
[3.132s] INFO:colcon.colcon_core.shell:Creating package script '/home/hiu/dev_ws/src/install/articubot_one/share/articubot_one/package.ps1'
[3.132s] INFO:colcon.colcon_core.shell:Creating package descriptor '/home/hiu/dev_ws/src/install/articubot_one/share/articubot_one/package.dsv'
[3.133s] INFO:colcon.colcon_core.shell:Creating package script '/home/hiu/dev_ws/src/install/articubot_one/share/articubot_one/package.sh'
[3.134s] INFO:colcon.colcon_core.shell:Creating package script '/home/hiu/dev_ws/src/install/articubot_one/share/articubot_one/package.bash'
[3.135s] INFO:colcon.colcon_core.shell:Creating package script '/home/hiu/dev_ws/src/install/articubot_one/share/articubot_one/package.zsh'
[3.135s] Level 1:colcon.colcon_core.environment:create_file_with_runtime_dependencies(/home/hiu/dev_ws/src/install/articubot_one/share/colcon-core/packages/articubot_one)
[3.136s] DEBUG:colcon.colcon_parallel_executor.executor.parallel:closing loop
[3.136s] DEBUG:colcon.colcon_parallel_executor.executor.parallel:loop closed
[3.136s] DEBUG:colcon.colcon_parallel_executor.executor.parallel:run_until_complete finished with '0'
[3.136s] DEBUG:colcon.colcon_core.event_reactor:joining thread
[3.171s] INFO:colcon.colcon_core.plugin_system:Skipping extension 'colcon_notification.desktop_notification.terminal_notifier': Not used on non-Darwin systems
[3.171s] INFO:colcon.colcon_core.plugin_system:Skipping extension 'colcon_notification.desktop_notification.win32': Not used on non-Windows systems
[3.171s] INFO:colcon.colcon_notification.desktop_notification:Sending desktop notification using 'notify2'
[3.395s] DEBUG:colcon.colcon_core.event_reactor:joined thread
[3.396s] INFO:colcon.colcon_core.shell:Creating prefix script '/home/hiu/dev_ws/src/install/local_setup.ps1'
[3.398s] INFO:colcon.colcon_core.shell:Creating prefix util module '/home/hiu/dev_ws/src/install/_local_setup_util_ps1.py'
[3.401s] INFO:colcon.colcon_core.shell:Creating prefix chain script '/home/hiu/dev_ws/src/install/setup.ps1'
[3.403s] INFO:colcon.colcon_core.shell:Creating prefix script '/home/hiu/dev_ws/src/install/local_setup.sh'
[3.405s] INFO:colcon.colcon_core.shell:Creating prefix util module '/home/hiu/dev_ws/src/install/_local_setup_util_sh.py'
[3.408s] INFO:colcon.colcon_core.shell:Creating prefix chain script '/home/hiu/dev_ws/src/install/setup.sh'
[3.411s] INFO:colcon.colcon_core.shell:Creating prefix script '/home/hiu/dev_ws/src/install/local_setup.bash'
[3.413s] INFO:colcon.colcon_core.shell:Creating prefix chain script '/home/hiu/dev_ws/src/install/setup.bash'
[3.414s] INFO:colcon.colcon_core.shell:Creating prefix script '/home/hiu/dev_ws/src/install/local_setup.zsh'
[3.416s] INFO:colcon.colcon_core.shell:Creating prefix chain script '/home/hiu/dev_ws/src/install/setup.zsh'
