[0.034s] Invoking command in '/home/hiu/dev_ws/src/build/articubot_one': CMAKE_PREFIX_PATH=/opt/ros/foxy /usr/bin/cmake /home/hiu/dev_ws/src/articubot_one -DAMENT_CMAKE_SYMLINK_INSTALL=1 -DCMAKE_INSTALL_PREFIX=/home/hiu/dev_ws/src/install/articubot_one
[0.340s] -- The C compiler identification is GNU 9.4.0
[0.519s] -- The CXX compiler identification is GNU 9.4.0
[0.524s] -- Check for working C compiler: /usr/bin/cc
[0.602s] -- Check for working C compiler: /usr/bin/cc -- works
[0.605s] -- Detecting C compiler ABI info
[0.701s] -- Detecting C compiler ABI info - done
[0.709s] -- Detecting C compile features
[0.709s] -- Detecting C compile features - done
[0.711s] -- Check for working CXX compiler: /usr/bin/c++
[0.800s] -- Check for working CXX compiler: /usr/bin/c++ -- works
[0.800s] -- Detecting CXX compiler ABI info
[0.884s] -- Detecting CXX compiler ABI info - done
[0.900s] -- Detecting CXX compile features
[0.900s] -- Detecting CXX compile features - done
[0.925s] -- Found ament_cmake: 0.9.12 (/opt/ros/foxy/share/ament_cmake/cmake)
[0.959s] -- Found PythonInterp: /usr/bin/python3 (found suitable version "3.8.10", minimum required is "3") 
[0.959s] -- Using PYTHON_EXECUTABLE: /usr/bin/python3
[1.158s] -- Override CMake install command with custom implementation using symlinks instead of copying resources
[1.203s] -- Found ament_lint_auto: 0.9.8 (/opt/ros/foxy/share/ament_lint_auto/cmake)
[1.325s] -- Added test 'copyright' to check source files copyright and LICENSE
[1.331s] -- Added test 'flake8' to check Python code syntax and style conventions
[1.333s] -- Added test 'lint_cmake' to check CMake code style
[1.334s] -- Added test 'pep257' to check Python code against some of the style conventions in PEP 257
[1.339s] -- Added test 'xmllint' to check XML markup files
[1.342s] -- Configuring done
[1.344s] -- Generating done
[1.346s] -- Build files have been written to: /home/hiu/dev_ws/src/build/articubot_one
[1.356s] Invoked command in '/home/hiu/dev_ws/src/build/articubot_one' returned '0': CMAKE_PREFIX_PATH=/opt/ros/foxy /usr/bin/cmake /home/hiu/dev_ws/src/articubot_one -DAMENT_CMAKE_SYMLINK_INSTALL=1 -DCMAKE_INSTALL_PREFIX=/home/hiu/dev_ws/src/install/articubot_one
[1.356s] Invoking command in '/home/hiu/dev_ws/src/build/articubot_one': CMAKE_PREFIX_PATH=/opt/ros/foxy /usr/bin/cmake --build /home/hiu/dev_ws/src/build/articubot_one -- -j2 -l2
[1.416s] Invoked command in '/home/hiu/dev_ws/src/build/articubot_one' returned '0': CMAKE_PREFIX_PATH=/opt/ros/foxy /usr/bin/cmake --build /home/hiu/dev_ws/src/build/articubot_one -- -j2 -l2
[1.434s] Invoking command in '/home/hiu/dev_ws/src/build/articubot_one': CMAKE_PREFIX_PATH=/opt/ros/foxy /usr/bin/cmake --install /home/hiu/dev_ws/src/build/articubot_one
[1.448s] -- Install configuration: ""
[1.448s] -- Execute custom install script
[1.452s] -- Symlinking: /home/hiu/dev_ws/src/install/articubot_one/share/articubot_one/config/ball_tracker_params_robot.yaml
[1.461s] -- Symlinking: /home/hiu/dev_ws/src/install/articubot_one/share/articubot_one/config/ball_tracker_params_sim.yaml
[1.472s] -- Symlinking: /home/hiu/dev_ws/src/install/articubot_one/share/articubot_one/config/drive_bot.rviz
[1.482s] -- Symlinking: /home/hiu/dev_ws/src/install/articubot_one/share/articubot_one/config/empty.yaml
[1.493s] -- Symlinking: /home/hiu/dev_ws/src/install/articubot_one/share/articubot_one/config/gaz_ros2_ctl_use_sim.yaml
[1.507s] -- Symlinking: /home/hiu/dev_ws/src/install/articubot_one/share/articubot_one/config/gazebo_params.yaml
[1.516s] -- Symlinking: /home/hiu/dev_ws/src/install/articubot_one/share/articubot_one/config/joystick.yaml
[1.530s] -- Symlinking: /home/hiu/dev_ws/src/install/articubot_one/share/articubot_one/config/main.rviz
[1.543s] -- Symlinking: /home/hiu/dev_ws/src/install/articubot_one/share/articubot_one/config/map.rviz
[1.555s] -- Symlinking: /home/hiu/dev_ws/src/install/articubot_one/share/articubot_one/config/mapper_params_online_async.yaml
[1.564s] -- Symlinking: /home/hiu/dev_ws/src/install/articubot_one/share/articubot_one/config/my_controllers.yaml
[1.574s] -- Symlinking: /home/hiu/dev_ws/src/install/articubot_one/share/articubot_one/config/nav2_params.yaml
[1.584s] -- Symlinking: /home/hiu/dev_ws/src/install/articubot_one/share/articubot_one/config/twist_mux.yaml
[1.593s] -- Symlinking: /home/hiu/dev_ws/src/install/articubot_one/share/articubot_one/config/view_bot.rviz
[1.606s] -- Symlinking: /home/hiu/dev_ws/src/install/articubot_one/share/articubot_one/description/camera.xacro
[1.617s] -- Symlinking: /home/hiu/dev_ws/src/install/articubot_one/share/articubot_one/description/depth_camera.xacro
[1.631s] -- Symlinking: /home/hiu/dev_ws/src/install/articubot_one/share/articubot_one/description/face.xacro
[1.640s] -- Symlinking: /home/hiu/dev_ws/src/install/articubot_one/share/articubot_one/description/gazebo_control.xacro
[1.651s] -- Symlinking: /home/hiu/dev_ws/src/install/articubot_one/share/articubot_one/description/inertial_macros.xacro
[1.664s] -- Symlinking: /home/hiu/dev_ws/src/install/articubot_one/share/articubot_one/description/lidar.xacro
[1.673s] -- Symlinking: /home/hiu/dev_ws/src/install/articubot_one/share/articubot_one/description/robot.urdf.xacro
[1.682s] -- Symlinking: /home/hiu/dev_ws/src/install/articubot_one/share/articubot_one/description/robot_core.xacro
[1.696s] -- Symlinking: /home/hiu/dev_ws/src/install/articubot_one/share/articubot_one/description/ros2_control.xacro
[1.708s] -- Symlinking: /home/hiu/dev_ws/src/install/articubot_one/share/articubot_one/launch/ball_tracker.launch.py
[1.718s] -- Symlinking: /home/hiu/dev_ws/src/install/articubot_one/share/articubot_one/launch/camera.launch.py
[1.730s] -- Symlinking: /home/hiu/dev_ws/src/install/articubot_one/share/articubot_one/launch/joystick.launch.py
[1.740s] -- Symlinking: /home/hiu/dev_ws/src/install/articubot_one/share/articubot_one/launch/launch_robot.launch.py
[1.751s] -- Symlinking: /home/hiu/dev_ws/src/install/articubot_one/share/articubot_one/launch/launch_sim.launch.py
[1.762s] -- Symlinking: /home/hiu/dev_ws/src/install/articubot_one/share/articubot_one/launch/localization_launch.py
[1.774s] -- Symlinking: /home/hiu/dev_ws/src/install/articubot_one/share/articubot_one/launch/navigation_launch.py
[1.785s] -- Symlinking: /home/hiu/dev_ws/src/install/articubot_one/share/articubot_one/launch/online_async_launch.py
[1.796s] -- Symlinking: /home/hiu/dev_ws/src/install/articubot_one/share/articubot_one/launch/rplidar.launch.py
[1.806s] -- Symlinking: /home/hiu/dev_ws/src/install/articubot_one/share/articubot_one/launch/rsp.launch.py
[1.817s] -- Symlinking: /home/hiu/dev_ws/src/install/articubot_one/share/articubot_one/worlds/empty.world
[1.828s] -- Symlinking: /home/hiu/dev_ws/src/install/articubot_one/share/articubot_one/worlds/obstacles.world
[1.842s] -- Symlinking: /home/hiu/dev_ws/src/install/articubot_one/share/ament_index/resource_index/package_run_dependencies/articubot_one
[1.853s] -- Symlinking: /home/hiu/dev_ws/src/install/articubot_one/share/ament_index/resource_index/parent_prefix_path/articubot_one
[1.865s] -- Symlinking: /home/hiu/dev_ws/src/install/articubot_one/share/articubot_one/environment/ament_prefix_path.sh
[1.876s] -- Symlinking: /home/hiu/dev_ws/src/install/articubot_one/share/articubot_one/environment/ament_prefix_path.dsv
[1.887s] -- Symlinking: /home/hiu/dev_ws/src/install/articubot_one/share/articubot_one/environment/path.sh
[1.897s] -- Symlinking: /home/hiu/dev_ws/src/install/articubot_one/share/articubot_one/environment/path.dsv
[1.907s] -- Symlinking: /home/hiu/dev_ws/src/install/articubot_one/share/articubot_one/local_setup.bash
[1.918s] -- Symlinking: /home/hiu/dev_ws/src/install/articubot_one/share/articubot_one/local_setup.sh
[1.928s] -- Symlinking: /home/hiu/dev_ws/src/install/articubot_one/share/articubot_one/local_setup.zsh
[1.939s] -- Symlinking: /home/hiu/dev_ws/src/install/articubot_one/share/articubot_one/local_setup.dsv
[1.949s] -- Symlinking: /home/hiu/dev_ws/src/install/articubot_one/share/articubot_one/package.dsv
[1.961s] -- Symlinking: /home/hiu/dev_ws/src/install/articubot_one/share/ament_index/resource_index/packages/articubot_one
[1.971s] -- Symlinking: /home/hiu/dev_ws/src/install/articubot_one/share/articubot_one/cmake/articubot_oneConfig.cmake
[1.983s] -- Symlinking: /home/hiu/dev_ws/src/install/articubot_one/share/articubot_one/cmake/articubot_oneConfig-version.cmake
[1.993s] -- Symlinking: /home/hiu/dev_ws/src/install/articubot_one/share/articubot_one/package.xml
[2.006s] Invoked command in '/home/hiu/dev_ws/src/build/articubot_one' returned '0': CMAKE_PREFIX_PATH=/opt/ros/foxy /usr/bin/cmake --install /home/hiu/dev_ws/src/build/articubot_one
