[0.034s] Invoking command in '/home/hiu/dev_ws/src/build/urdf_example': CMAKE_PREFIX_PATH=/opt/ros/foxy /usr/bin/cmake /home/hiu/dev_ws/src/urdf_example -DAMENT_CMAKE_SYMLINK_INSTALL=1 -DCMAKE_INSTALL_PREFIX=/home/hiu/dev_ws/src/install/urdf_example
[0.336s] -- The C compiler identification is GNU 9.4.0
[0.488s] -- The CXX compiler identification is GNU 9.4.0
[0.501s] -- Check for working C compiler: /usr/bin/cc
[0.584s] -- Check for working C compiler: /usr/bin/cc -- works
[0.590s] -- Detecting C compiler ABI info
[0.666s] -- Detecting C compiler ABI info - done
[0.683s] -- Detecting C compile features
[0.684s] -- Detecting C compile features - done
[0.689s] -- Check for working CXX compiler: /usr/bin/c++
[0.781s] -- Check for working CXX compiler: /usr/bin/c++ -- works
[0.782s] -- Detecting CXX compiler ABI info
[0.868s] -- Detecting CXX compiler ABI info - done
[0.891s] -- Detecting CXX compile features
[0.892s] -- Detecting CXX compile features - done
[0.907s] -- Found ament_cmake: 0.9.12 (/opt/ros/foxy/share/ament_cmake/cmake)
[0.950s] -- Found PythonInterp: /usr/bin/python3 (found suitable version "3.8.10", minimum required is "3") 
[0.951s] -- Using PYTHON_EXECUTABLE: /usr/bin/python3
[1.171s] -- Override CMake install command with custom implementation using symlinks instead of copying resources
[1.192s] -- Found ament_lint_auto: 0.9.8 (/opt/ros/foxy/share/ament_lint_auto/cmake)
[1.310s] -- Added test 'copyright' to check source files copyright and LICENSE
[1.320s] -- Added test 'flake8' to check Python code syntax and style conventions
[1.321s] -- Added test 'lint_cmake' to check CMake code style
[1.322s] -- Added test 'pep257' to check Python code against some of the style conventions in PEP 257
[1.325s] -- Added test 'xmllint' to check XML markup files
[1.327s] -- Configuring done
[1.329s] -- Generating done
[1.338s] -- Build files have been written to: /home/hiu/dev_ws/src/build/urdf_example
[1.349s] Invoked command in '/home/hiu/dev_ws/src/build/urdf_example' returned '0': CMAKE_PREFIX_PATH=/opt/ros/foxy /usr/bin/cmake /home/hiu/dev_ws/src/urdf_example -DAMENT_CMAKE_SYMLINK_INSTALL=1 -DCMAKE_INSTALL_PREFIX=/home/hiu/dev_ws/src/install/urdf_example
[1.350s] Invoking command in '/home/hiu/dev_ws/src/build/urdf_example': CMAKE_PREFIX_PATH=/opt/ros/foxy /usr/bin/cmake --build /home/hiu/dev_ws/src/build/urdf_example -- -j2 -l2
[1.417s] Invoked command in '/home/hiu/dev_ws/src/build/urdf_example' returned '0': CMAKE_PREFIX_PATH=/opt/ros/foxy /usr/bin/cmake --build /home/hiu/dev_ws/src/build/urdf_example -- -j2 -l2
[1.420s] Invoking command in '/home/hiu/dev_ws/src/build/urdf_example': CMAKE_PREFIX_PATH=/opt/ros/foxy /usr/bin/cmake --install /home/hiu/dev_ws/src/build/urdf_example
[1.430s] -- Install configuration: ""
[1.432s] -- Execute custom install script
[1.432s] -- Symlinking: /home/hiu/dev_ws/src/install/urdf_example/share/urdf_example/description/example_gazebo.xacro
[1.441s] -- Symlinking: /home/hiu/dev_ws/src/install/urdf_example/share/urdf_example/description/example_include.xacro
[1.451s] -- Symlinking: /home/hiu/dev_ws/src/install/urdf_example/share/urdf_example/description/example_robot.urdf.xacro
[1.462s] -- Symlinking: /home/hiu/dev_ws/src/install/urdf_example/share/urdf_example/launch/rsp.launch.py
[1.472s] -- Symlinking: /home/hiu/dev_ws/src/install/urdf_example/share/urdf_example/launch/rsp_sim.launch.py
[1.486s] -- Symlinking: /home/hiu/dev_ws/src/install/urdf_example/share/urdf_example/worlds/test_world.world
[1.499s] -- Symlinking: /home/hiu/dev_ws/src/install/urdf_example/share/ament_index/resource_index/package_run_dependencies/urdf_example
[1.513s] -- Symlinking: /home/hiu/dev_ws/src/install/urdf_example/share/ament_index/resource_index/parent_prefix_path/urdf_example
[1.524s] -- Symlinking: /home/hiu/dev_ws/src/install/urdf_example/share/urdf_example/environment/ament_prefix_path.sh
[1.535s] -- Symlinking: /home/hiu/dev_ws/src/install/urdf_example/share/urdf_example/environment/ament_prefix_path.dsv
[1.544s] -- Symlinking: /home/hiu/dev_ws/src/install/urdf_example/share/urdf_example/environment/path.sh
[1.555s] -- Symlinking: /home/hiu/dev_ws/src/install/urdf_example/share/urdf_example/environment/path.dsv
[1.565s] -- Symlinking: /home/hiu/dev_ws/src/install/urdf_example/share/urdf_example/local_setup.bash
[1.574s] -- Symlinking: /home/hiu/dev_ws/src/install/urdf_example/share/urdf_example/local_setup.sh
[1.587s] -- Symlinking: /home/hiu/dev_ws/src/install/urdf_example/share/urdf_example/local_setup.zsh
[1.598s] -- Symlinking: /home/hiu/dev_ws/src/install/urdf_example/share/urdf_example/local_setup.dsv
[1.612s] -- Symlinking: /home/hiu/dev_ws/src/install/urdf_example/share/urdf_example/package.dsv
[1.621s] -- Symlinking: /home/hiu/dev_ws/src/install/urdf_example/share/ament_index/resource_index/packages/urdf_example
[1.632s] -- Symlinking: /home/hiu/dev_ws/src/install/urdf_example/share/urdf_example/cmake/urdf_exampleConfig.cmake
[1.644s] -- Symlinking: /home/hiu/dev_ws/src/install/urdf_example/share/urdf_example/cmake/urdf_exampleConfig-version.cmake
[1.654s] -- Symlinking: /home/hiu/dev_ws/src/install/urdf_example/share/urdf_example/package.xml
[1.665s] Invoked command in '/home/hiu/dev_ws/src/build/urdf_example' returned '0': CMAKE_PREFIX_PATH=/opt/ros/foxy /usr/bin/cmake --install /home/hiu/dev_ws/src/build/urdf_example
