[0.039s] Invoking command in '/home/hiu/dev_ws/src/build/urdf_example': CMAKE_PREFIX_PATH=${CMAKE_PREFIX_PATH}:/opt/ros/foxy /usr/bin/cmake --build /home/hiu/dev_ws/src/build/urdf_example -- -j2 -l2
[0.222s] Invoked command in '/home/hiu/dev_ws/src/build/urdf_example' returned '0': CMAKE_PREFIX_PATH=${CMAKE_PREFIX_PATH}:/opt/ros/foxy /usr/bin/cmake --build /home/hiu/dev_ws/src/build/urdf_example -- -j2 -l2
[0.228s] Invoking command in '/home/hiu/dev_ws/src/build/urdf_example': CMAKE_PREFIX_PATH=${CMAKE_PREFIX_PATH}:/opt/ros/foxy /usr/bin/cmake --install /home/hiu/dev_ws/src/build/urdf_example
[0.240s] -- Install configuration: ""
[0.241s] -- Execute custom install script
[0.243s] -- Up-to-date symlink: /home/hiu/dev_ws/src/install/urdf_example/share/urdf_example/description/example_gazebo.xacro
[0.243s] -- Up-to-date symlink: /home/hiu/dev_ws/src/install/urdf_example/share/urdf_example/description/example_include.xacro
[0.244s] -- Up-to-date symlink: /home/hiu/dev_ws/src/install/urdf_example/share/urdf_example/description/example_robot.urdf.xacro
[0.245s] -- Up-to-date symlink: /home/hiu/dev_ws/src/install/urdf_example/share/urdf_example/launch/rsp.launch.py
[0.245s] -- Up-to-date symlink: /home/hiu/dev_ws/src/install/urdf_example/share/urdf_example/launch/rsp_sim.launch.py
[0.246s] -- Up-to-date symlink: /home/hiu/dev_ws/src/install/urdf_example/share/urdf_example/worlds/test_world.world
[0.247s] -- Up-to-date symlink: /home/hiu/dev_ws/src/install/urdf_example/share/ament_index/resource_index/package_run_dependencies/urdf_example
[0.248s] -- Up-to-date symlink: /home/hiu/dev_ws/src/install/urdf_example/share/ament_index/resource_index/parent_prefix_path/urdf_example
[0.248s] -- Up-to-date symlink: /home/hiu/dev_ws/src/install/urdf_example/share/urdf_example/environment/ament_prefix_path.sh
[0.249s] -- Up-to-date symlink: /home/hiu/dev_ws/src/install/urdf_example/share/urdf_example/environment/ament_prefix_path.dsv
[0.250s] -- Up-to-date symlink: /home/hiu/dev_ws/src/install/urdf_example/share/urdf_example/environment/path.sh
[0.250s] -- Up-to-date symlink: /home/hiu/dev_ws/src/install/urdf_example/share/urdf_example/environment/path.dsv
[0.251s] -- Up-to-date symlink: /home/hiu/dev_ws/src/install/urdf_example/share/urdf_example/local_setup.bash
[0.251s] -- Up-to-date symlink: /home/hiu/dev_ws/src/install/urdf_example/share/urdf_example/local_setup.sh
[0.252s] -- Up-to-date symlink: /home/hiu/dev_ws/src/install/urdf_example/share/urdf_example/local_setup.zsh
[0.252s] -- Up-to-date symlink: /home/hiu/dev_ws/src/install/urdf_example/share/urdf_example/local_setup.dsv
[0.252s] -- Symlinking: /home/hiu/dev_ws/src/install/urdf_example/share/urdf_example/package.dsv
[0.278s] -- Up-to-date symlink: /home/hiu/dev_ws/src/install/urdf_example/share/ament_index/resource_index/packages/urdf_example
[0.278s] -- Up-to-date symlink: /home/hiu/dev_ws/src/install/urdf_example/share/urdf_example/cmake/urdf_exampleConfig.cmake
[0.281s] -- Up-to-date symlink: /home/hiu/dev_ws/src/install/urdf_example/share/urdf_example/cmake/urdf_exampleConfig-version.cmake
[0.281s] -- Up-to-date symlink: /home/hiu/dev_ws/src/install/urdf_example/share/urdf_example/package.xml
[0.282s] Invoked command in '/home/hiu/dev_ws/src/build/urdf_example' returned '0': CMAKE_PREFIX_PATH=${CMAKE_PREFIX_PATH}:/opt/ros/foxy /usr/bin/cmake --install /home/hiu/dev_ws/src/build/urdf_example
